This is pdfTeX, Version 3.14159265-2.6-1.40.20 (TeX Live 2019/Arch Linux) (preloaded format=pdftex 2019.9.12)  23 SEP 2019 19:24
entering extended mode
 restricted \write18 enabled.
 %&-line parsing enabled.
**content.tex --shell-escape
(./content.tex
! Undefined control sequence.
l.3 \chapter
            *{About this project}
? 
! Undefined control sequence.
l.4 \paragraph
              {Analysis of this project: }
? 
Runaway argument?
* \\* The main purpose of this project is to utilize the MERN stack t\ETC.
! Paragraph ended before \\ was complete.
<to be read again> 
                   \par 
l.31 
     
? 
! Undefined control sequence.
l.33 \chapter
             {Introduction}
? 
! Undefined control sequence.
l.35 Make sure you use references~\cite
                                       {einstein}
? 
! Undefined control sequence.
l.37 \chapter
             {Context}
? 
! Undefined control sequence.
l.38 \begin
           {itemize}
? 
[1{/var/lib/texmf/fonts/map/pdftex/updmap/pdftex.map}] )</usr/share/texmf-dist/
fonts/type1/public/amsfonts/cm/cmr10.pfb>
Output written on content.pdf (1 page, 22084 bytes).
PDF statistics:
 12 PDF objects out of 1000 (max. 8388607)
 7 compressed objects within 1 object stream
 0 named destinations out of 1000 (max. 500000)
 1 words of extra memory for PDF output out of 10000 (max. 10000000)

