\BOOKMARK [0][-]{chapter.1}{Introduction}{}% 1
\BOOKMARK [1][-]{section.1.1}{Why A MERN stack?}{chapter.1}% 2
\BOOKMARK [2][-]{subsection.1.1.1}{Mongo}{section.1.1}% 3
\BOOKMARK [2][-]{subsection.1.1.2}{Express}{section.1.1}% 4
\BOOKMARK [2][-]{subsection.1.1.3}{React}{section.1.1}% 5
\BOOKMARK [2][-]{subsection.1.1.4}{Node}{section.1.1}% 6
\BOOKMARK [1][-]{section.1.2}{Why a banking application?}{chapter.1}% 7
\BOOKMARK [2][-]{subsection.1.2.1}{Explanation of why I chose this project}{section.1.2}% 8
\BOOKMARK [2][-]{subsection.1.2.2}{My Contention with existing online banking systems \046 how I plan to improve upon them}{section.1.2}% 9
\BOOKMARK [1][-]{section.1.3}{Requirements}{chapter.1}% 10
\BOOKMARK [1][-]{section.1.4}{Outline of chapters}{chapter.1}% 11
\BOOKMARK [2][-]{subsection.1.4.1}{Context}{section.1.4}% 12
\BOOKMARK [2][-]{subsection.1.4.2}{Methodology}{section.1.4}% 13
\BOOKMARK [2][-]{subsection.1.4.3}{Technical Review}{section.1.4}% 14
\BOOKMARK [2][-]{subsection.1.4.4}{System Design}{section.1.4}% 15
\BOOKMARK [2][-]{subsection.1.4.5}{System Evaluation}{section.1.4}% 16
\BOOKMARK [2][-]{subsection.1.4.6}{Conclusion}{section.1.4}% 17
\BOOKMARK [0][-]{chapter.2}{Context}{}% 18
\BOOKMARK [1][-]{section.2.1}{Project Objectives}{chapter.2}% 19
\BOOKMARK [1][-]{section.2.2}{Filler}{chapter.2}% 20
\BOOKMARK [2][-]{subsection.2.2.1}{More filler}{section.2.2}% 21
\BOOKMARK [1][-]{section.2.3}{Filler}{chapter.2}% 22
\BOOKMARK [0][-]{chapter.3}{Methodology}{}% 23
\BOOKMARK [0][-]{chapter.4}{Technology Review}{}% 24
\BOOKMARK [1][-]{section.4.1}{XML}{chapter.4}% 25
\BOOKMARK [0][-]{chapter.5}{System Design}{}% 26
\BOOKMARK [0][-]{chapter.6}{System Evaluation}{}% 27
\BOOKMARK [0][-]{chapter.7}{Conclusion}{}% 28
\BOOKMARK [0][-]{section*.8}{Appendices}{}% 29
\BOOKMARK [0][-]{Appendix.1.A}{Preamble \046 Intro}{}% 30
